TN:
SF:src\Proxy.ts
FN:5,(anonymous_11)
FN:13,(anonymous_12)
FN:18,(anonymous_13)
FN:23,(anonymous_14)
FN:27,(anonymous_15)
FN:31,(anonymous_16)
FN:36,(anonymous_17)
FN:41,(anonymous_18)
FN:54,(anonymous_19)
FN:58,(anonymous_20)
FN:71,(anonymous_21)
FN:75,(anonymous_22)
FN:80,(anonymous_23)
FN:84,(anonymous_24)
FN:88,(anonymous_25)
FNF:15
FNH:15
FNDA:206,(anonymous_11)
FNDA:5,(anonymous_12)
FNDA:2,(anonymous_13)
FNDA:1,(anonymous_14)
FNDA:1,(anonymous_15)
FNDA:74,(anonymous_16)
FNDA:74,(anonymous_17)
FNDA:22,(anonymous_18)
FNDA:1,(anonymous_19)
FNDA:20,(anonymous_20)
FNDA:1,(anonymous_21)
FNDA:33,(anonymous_22)
FNDA:35,(anonymous_23)
FNDA:35,(anonymous_24)
FNDA:2,(anonymous_25)
DA:5,208
DA:6,1
DA:7,1
DA:8,1
DA:9,1
DA:10,1
DA:11,1
DA:14,5
DA:15,5
DA:19,2
DA:20,2
DA:24,1
DA:28,1
DA:32,74
DA:33,74
DA:37,74
DA:38,74
DA:42,22
DA:43,22
DA:44,1
DA:47,21
DA:48,2
DA:50,19
DA:55,1
DA:59,20
DA:60,20
DA:61,1
DA:64,19
DA:65,2
DA:67,17
DA:72,1
DA:76,33
DA:77,33
DA:81,35
DA:85,35
DA:89,2
DA:91,2
DA:92,2
DA:93,2
DA:94,2
LF:40
LH:40
BRDA:43,0,0,1
BRDA:43,0,1,21
BRDA:47,1,0,2
BRDA:47,1,1,19
BRDA:60,2,0,1
BRDA:60,2,1,19
BRDA:64,3,0,2
BRDA:64,3,1,17
BRDA:89,4,0,1
BRDA:89,4,1,1
BRDA:92,5,0,2
BRDA:92,5,1,0
BRF:12
BRH:11
end_of_record
TN:
SF:src\Response.ts
FN:1,(anonymous_27)
FN:18,(anonymous_28)
FN:36,(anonymous_29)
FN:40,(anonymous_30)
FN:44,(anonymous_31)
FN:48,(anonymous_32)
FN:52,(anonymous_33)
FN:56,(anonymous_34)
FN:60,(anonymous_35)
FN:64,(anonymous_36)
FNF:10
FNH:10
FNDA:25,(anonymous_27)
FNDA:26,(anonymous_28)
FNDA:1,(anonymous_29)
FNDA:1,(anonymous_30)
FNDA:1,(anonymous_31)
FNDA:1,(anonymous_32)
FNDA:1,(anonymous_33)
FNDA:1,(anonymous_34)
FNDA:3,(anonymous_35)
FNDA:7,(anonymous_36)
DA:1,27
DA:19,26
DA:20,26
DA:21,26
DA:23,26
DA:24,26
DA:25,26
DA:26,26
DA:27,26
DA:28,26
DA:29,26
DA:30,26
DA:32,26
DA:33,26
DA:37,1
DA:41,1
DA:45,1
DA:49,1
DA:53,1
DA:57,1
DA:61,3
DA:65,7
LF:22
LH:22
BRDA:23,0,0,26
BRDA:23,0,1,0
BRDA:26,1,0,26
BRDA:26,1,1,0
BRDA:26,2,0,26
BRDA:26,2,1,26
BRDA:27,3,0,23
BRDA:27,3,1,3
BRDA:27,4,0,26
BRDA:27,4,1,26
BRF:10
BRH:8
end_of_record
TN:
SF:src\XMLHttpRequest.ts
FN:2,(anonymous_38)
FN:49,(anonymous_39)
FN:53,(anonymous_40)
FN:57,(anonymous_41)
FN:64,(anonymous_42)
FN:92,(anonymous_43)
FN:104,(anonymous_44)
FN:113,(anonymous_45)
FN:121,(anonymous_46)
FN:155,(anonymous_47)
FN:159,(anonymous_48)
FN:187,(anonymous_49)
FN:197,(anonymous_50)
FN:244,(anonymous_51)
FN:254,(anonymous_52)
FN:282,(anonymous_53)
FN:299,(anonymous_54)
FN:307,(anonymous_55)
FN:318,(anonymous_56)
FN:343,(anonymous_57)
FN:355,(anonymous_58)
FN:366,(anonymous_59)
FN:377,(anonymous_60)
FN:378,(anonymous_61)
FN:395,(anonymous_62)
FN:402,(anonymous_63)
FN:420,(anonymous_64)
FN:431,(anonymous_65)
FN:448,(anonymous_66)
FN:449,(anonymous_67)
FN:464,(anonymous_68)
FN:486,(anonymous_69)
FN:509,(anonymous_70)
FN:516,(anonymous_71)
FN:534,(anonymous_72)
FN:541,(anonymous_73)
FN:561,(anonymous_74)
FN:570,(anonymous_75)
FN:588,(anonymous_76)
FN:598,(anonymous_77)
FN:627,(anonymous_78)
FNF:41
FNH:41
FNDA:1,(anonymous_38)
FNDA:51,(anonymous_39)
FNDA:51,(anonymous_40)
FNDA:153,(anonymous_41)
FNDA:116,(anonymous_42)
FNDA:168,(anonymous_43)
FNDA:3,(anonymous_44)
FNDA:2,(anonymous_45)
FNDA:282,(anonymous_46)
FNDA:1,(anonymous_47)
FNDA:44,(anonymous_48)
FNDA:41,(anonymous_49)
FNDA:40,(anonymous_50)
FNDA:50,(anonymous_51)
FNDA:8,(anonymous_52)
FNDA:6,(anonymous_53)
FNDA:8,(anonymous_54)
FNDA:2,(anonymous_55)
FNDA:3,(anonymous_56)
FNDA:94,(anonymous_57)
FNDA:94,(anonymous_58)
FNDA:40,(anonymous_59)
FNDA:40,(anonymous_60)
FNDA:160,(anonymous_61)
FNDA:9,(anonymous_62)
FNDA:8,(anonymous_63)
FNDA:2,(anonymous_64)
FNDA:2,(anonymous_65)
FNDA:5,(anonymous_66)
FNDA:4,(anonymous_67)
FNDA:83,(anonymous_68)
FNDA:33,(anonymous_69)
FNDA:160,(anonymous_70)
FNDA:80,(anonymous_71)
FNDA:5,(anonymous_72)
FNDA:166,(anonymous_73)
FNDA:40,(anonymous_74)
FNDA:40,(anonymous_75)
FNDA:46,(anonymous_76)
FNDA:4,(anonymous_77)
FNDA:168,(anonymous_78)
DA:2,5
DA:6,1
DA:7,1
DA:8,1
DA:9,1
DA:10,1
DA:12,51
DA:13,51
DA:14,51
DA:15,51
DA:16,51
DA:18,51
DA:19,51
DA:20,51
DA:21,51
DA:22,51
DA:23,51
DA:24,51
DA:25,51
DA:27,51
DA:28,51
DA:29,51
DA:30,51
DA:31,51
DA:33,51
DA:34,51
DA:35,51
DA:36,51
DA:37,51
DA:38,51
DA:40,51
DA:41,51
DA:42,51
DA:43,51
DA:44,51
DA:45,51
DA:46,51
DA:47,51
DA:50,51
DA:54,51
DA:55,51
DA:57,51
DA:58,153
DA:60,51
DA:61,51
DA:62,51
DA:64,51
DA:74,116
DA:76,116
DA:77,28
DA:79,88
DA:80,22
DA:82,66
DA:83,33
DA:84,33
DA:85,33
DA:88,116
DA:97,168
DA:98,163
DA:101,168
DA:109,3
DA:110,1
DA:113,2
DA:114,2
DA:115,1
DA:118,1
DA:122,282
DA:123,282
DA:131,116
DA:132,116
DA:133,7
DA:136,166
DA:137,166
DA:138,166
DA:139,61
DA:143,282
DA:144,282
DA:145,271
DA:148,11
DA:149,13
DA:150,13
DA:152,11
DA:156,1
DA:160,44
DA:161,1
DA:164,43
DA:165,43
DA:166,43
DA:167,43
DA:169,43
DA:179,43
DA:184,43
DA:188,41
DA:189,1
DA:192,40
DA:193,40
DA:195,40
DA:197,40
DA:198,40
DA:202,40
DA:203,7
DA:206,33
DA:208,33
DA:210,33
DA:218,33
DA:219,32
DA:220,32
DA:222,33
DA:224,33
DA:226,33
DA:227,33
DA:228,4
DA:229,0
DA:232,4
DA:233,4
DA:234,4
DA:238,33
DA:241,40
DA:242,40
DA:244,40
DA:245,50
DA:246,50
DA:247,40
DA:250,10
DA:253,10
DA:254,9
DA:255,8
DA:256,8
DA:259,9
DA:260,8
DA:264,1
DA:266,1
DA:267,1
DA:270,1
DA:272,1
DA:273,1
DA:274,1
DA:279,40
DA:283,6
DA:284,1
DA:287,5
DA:288,0
DA:291,5
DA:292,5
DA:293,1
DA:296,5
DA:300,8
DA:301,8
DA:302,5
DA:304,3
DA:308,2
DA:313,1
DA:315,1
DA:328,3
DA:329,3
DA:330,3
DA:331,3
DA:333,3
DA:334,2
DA:337,1
DA:340,3
DA:344,94
DA:356,94
DA:367,40
DA:368,40
DA:369,40
DA:370,40
DA:371,40
DA:372,40
DA:373,40
DA:374,40
DA:378,40
DA:379,160
DA:380,160
DA:381,40
DA:384,120
DA:385,122
DA:389,40
DA:390,40
DA:391,40
DA:392,40
DA:402,9
DA:403,8
DA:404,1
DA:405,1
DA:408,7
DA:410,7
DA:415,7
DA:417,7
DA:420,9
DA:421,2
DA:422,1
DA:424,1
DA:428,1
DA:431,9
DA:432,2
DA:433,1
DA:435,1
DA:439,1
DA:442,9
DA:443,9
DA:445,9
DA:449,5
DA:450,4
DA:451,1
DA:452,1
DA:455,3
DA:460,3
DA:465,83
DA:466,83
DA:467,81
DA:470,2
DA:473,81
DA:474,81
DA:476,81
DA:477,81
DA:478,389
DA:479,389
DA:480,389
DA:481,141
DA:487,33
DA:488,29
DA:489,29
DA:490,29
DA:492,4
DA:493,1
DA:494,1
DA:496,3
DA:497,1
DA:498,1
DA:501,2
DA:504,33
DA:505,33
DA:510,160
DA:511,160
DA:517,80
DA:518,61
DA:520,80
DA:521,60
DA:523,80
DA:524,12
DA:526,80
DA:527,67
DA:529,80
DA:530,66
DA:535,5
DA:536,5
DA:537,5
DA:538,5
DA:542,166
DA:544,166
DA:545,46
DA:547,120
DA:548,40
DA:549,40
DA:551,80
DA:552,40
DA:553,40
DA:555,40
DA:556,40
DA:557,40
DA:559,40
DA:561,40
DA:562,40
DA:565,40
DA:566,40
DA:568,40
DA:570,40
DA:571,40
DA:572,35
DA:574,40
DA:577,40
DA:578,1
DA:581,39
DA:585,40
DA:586,40
DA:588,40
DA:589,46
DA:590,46
DA:591,40
DA:594,6
DA:597,6
DA:598,5
DA:599,4
DA:600,4
DA:603,5
DA:604,4
DA:608,1
DA:610,1
DA:611,1
DA:614,1
DA:616,1
DA:617,1
DA:618,1
DA:623,40
DA:628,168
DA:629,166
DA:630,166
DA:632,166
LF:299
LH:297
BRDA:76,0,0,28
BRDA:76,0,1,88
BRDA:79,1,0,22
BRDA:79,1,1,66
BRDA:82,2,0,33
BRDA:82,2,1,33
BRDA:97,3,0,163
BRDA:97,3,1,5
BRDA:109,4,0,1
BRDA:109,4,1,2
BRDA:114,5,0,1
BRDA:114,5,1,1
BRDA:123,6,0,116
BRDA:123,6,1,166
BRDA:123,7,0,282
BRDA:123,7,1,281
BRDA:123,7,2,281
BRDA:123,7,3,246
BRDA:123,7,4,206
BRDA:123,7,5,166
BRDA:123,7,6,166
BRDA:132,8,0,7
BRDA:132,8,1,109
BRDA:136,9,0,166
BRDA:136,9,1,0
BRDA:138,10,0,61
BRDA:138,10,1,105
BRDA:144,11,0,271
BRDA:144,11,1,11
BRDA:160,12,0,1
BRDA:160,12,1,43
BRDA:188,13,0,1
BRDA:188,13,1,40
BRDA:202,14,0,7
BRDA:202,14,1,33
BRDA:218,15,0,32
BRDA:218,15,1,1
BRDA:228,16,0,0
BRDA:228,16,1,4
BRDA:233,17,0,4
BRDA:233,17,1,0
BRDA:246,18,0,40
BRDA:246,18,1,10
BRDA:253,19,0,9
BRDA:253,19,1,1
BRDA:272,20,0,1
BRDA:272,20,1,0
BRDA:283,21,0,1
BRDA:283,21,1,5
BRDA:287,22,0,0
BRDA:287,22,1,5
BRDA:292,23,0,1
BRDA:292,23,1,4
BRDA:301,24,0,5
BRDA:301,24,1,3
BRDA:301,25,0,8
BRDA:301,25,1,7
BRDA:308,26,0,1
BRDA:308,26,1,1
BRDA:333,27,0,2
BRDA:333,27,1,1
BRDA:371,28,0,2
BRDA:371,28,1,38
BRDA:372,29,0,0
BRDA:372,29,1,40
BRDA:373,30,0,1
BRDA:373,30,1,39
BRDA:374,31,0,0
BRDA:374,31,1,40
BRDA:380,32,0,40
BRDA:380,32,1,120
BRDA:380,33,0,160
BRDA:380,33,1,120
BRDA:403,34,0,1
BRDA:403,34,1,7
BRDA:403,35,0,8
BRDA:403,35,1,7
BRDA:421,36,0,1
BRDA:421,36,1,1
BRDA:432,37,0,1
BRDA:432,37,1,1
BRDA:450,38,0,1
BRDA:450,38,1,3
BRDA:450,39,0,4
BRDA:450,39,1,3
BRDA:466,40,0,81
BRDA:466,40,1,2
BRDA:480,41,0,141
BRDA:480,41,1,248
BRDA:487,42,0,29
BRDA:487,42,1,4
BRDA:492,43,0,1
BRDA:492,43,1,3
BRDA:496,44,0,1
BRDA:496,44,1,2
BRDA:504,45,0,33
BRDA:504,45,1,0
BRDA:517,46,0,61
BRDA:517,46,1,19
BRDA:518,47,0,61
BRDA:518,47,1,18
BRDA:520,48,0,60
BRDA:520,48,1,20
BRDA:521,49,0,60
BRDA:521,49,1,58
BRDA:523,50,0,12
BRDA:523,50,1,68
BRDA:524,51,0,12
BRDA:524,51,1,0
BRDA:526,52,0,67
BRDA:526,52,1,13
BRDA:527,53,0,67
BRDA:527,53,1,18
BRDA:529,54,0,66
BRDA:529,54,1,14
BRDA:530,55,0,66
BRDA:530,55,1,8
BRDA:544,56,0,46
BRDA:544,56,1,120
BRDA:547,57,0,40
BRDA:547,57,1,80
BRDA:551,58,0,40
BRDA:551,58,1,40
BRDA:555,59,0,40
BRDA:555,59,1,0
BRDA:571,60,0,35
BRDA:571,60,1,5
BRDA:577,61,0,1
BRDA:577,61,1,39
BRDA:590,62,0,40
BRDA:590,62,1,6
BRDA:597,63,0,5
BRDA:597,63,1,1
BRDA:616,64,0,1
BRDA:616,64,1,0
BRDA:628,65,0,334
BRDA:628,65,1,166
BRF:137
BRH:126
end_of_record
TN:
SF:src\fetch.ts
FN:1,(anonymous_80)
FN:11,(anonymous_81)
FN:24,(anonymous_82)
FN:25,(anonymous_83)
FN:29,(anonymous_84)
FN:33,(anonymous_85)
FN:39,(anonymous_86)
FN:60,(anonymous_87)
FN:69,(anonymous_88)
FN:79,(anonymous_89)
FN:108,(anonymous_90)
FN:109,(anonymous_91)
FN:112,(anonymous_92)
FN:125,(anonymous_93)
FN:135,(anonymous_94)
FN:164,(anonymous_95)
FN:222,(anonymous_96)
FN:236,(anonymous_97)
FN:243,(anonymous_98)
FN:253,(anonymous_99)
FN:254,(anonymous_100)
FN:259,(anonymous_101)
FN:260,(anonymous_102)
FN:274,fetchProxy
FNF:24
FNH:24
FNDA:1,(anonymous_80)
FNDA:25,(anonymous_81)
FNDA:25,(anonymous_82)
FNDA:25,(anonymous_83)
FNDA:25,(anonymous_84)
FNDA:4,(anonymous_85)
FNDA:21,(anonymous_86)
FNDA:21,(anonymous_87)
FNDA:32,(anonymous_88)
FNDA:5,(anonymous_89)
FNDA:25,(anonymous_90)
FNDA:25,(anonymous_91)
FNDA:25,(anonymous_92)
FNDA:44,(anonymous_93)
FNDA:12,(anonymous_94)
FNDA:25,(anonymous_95)
FNDA:25,(anonymous_96)
FNDA:6,(anonymous_97)
FNDA:5,(anonymous_98)
FNDA:1,(anonymous_99)
FNDA:1,(anonymous_100)
FNDA:13,(anonymous_101)
FNDA:12,(anonymous_102)
FNDA:25,fetchProxy
DA:1,5
DA:12,25
DA:13,25
DA:15,25
DA:16,25
DA:17,25
DA:18,25
DA:20,25
DA:21,25
DA:25,25
DA:26,25
DA:27,25
DA:29,25
DA:30,25
DA:32,25
DA:33,4
DA:34,4
DA:36,4
DA:39,21
DA:40,21
DA:41,21
DA:42,95
DA:43,95
DA:44,95
DA:48,21
DA:60,21
DA:61,21
DA:66,25
DA:67,25
DA:69,25
DA:70,32
DA:71,32
DA:72,25
DA:75,7
DA:78,7
DA:79,6
DA:80,5
DA:81,5
DA:84,6
DA:85,5
DA:89,1
DA:91,1
DA:92,1
DA:95,1
DA:97,1
DA:98,1
DA:99,1
DA:104,25
DA:109,25
DA:110,25
DA:112,25
DA:113,25
DA:114,25
DA:115,25
DA:116,25
DA:117,25
DA:118,25
DA:119,25
DA:122,25
DA:123,25
DA:125,25
DA:126,44
DA:127,44
DA:128,25
DA:131,19
DA:134,19
DA:135,13
DA:136,12
DA:137,12
DA:140,13
DA:141,12
DA:145,6
DA:147,6
DA:148,6
DA:151,1
DA:153,1
DA:154,1
DA:155,1
DA:160,25
DA:165,25
DA:166,21
DA:173,21
DA:174,2
DA:175,2
DA:176,2
DA:177,2
DA:178,2
DA:183,21
DA:186,4
DA:188,4
DA:209,4
DA:210,4
DA:211,1
DA:212,1
DA:213,1
DA:218,4
DA:223,25
DA:243,6
DA:244,5
DA:245,1
DA:246,1
DA:249,4
DA:250,4
DA:253,6
DA:254,6
DA:256,6
DA:260,13
DA:261,12
DA:262,10
DA:263,10
DA:266,2
DA:268,2
DA:275,25
DA:276,25
LF:114
LH:114
BRDA:32,0,0,4
BRDA:32,0,1,21
BRDA:43,1,0,95
BRDA:43,1,1,0
BRDA:71,2,0,25
BRDA:71,2,1,7
BRDA:78,3,0,6
BRDA:78,3,1,1
BRDA:97,4,0,1
BRDA:97,4,1,0
BRDA:127,5,0,25
BRDA:127,5,1,19
BRDA:134,6,0,13
BRDA:134,6,1,6
BRDA:153,7,0,1
BRDA:153,7,1,0
BRDA:165,8,0,21
BRDA:165,8,1,4
BRDA:167,9,0,21
BRDA:167,9,1,0
BRDA:173,10,0,2
BRDA:173,10,1,19
BRDA:173,11,0,21
BRDA:173,11,1,21
BRDA:174,12,0,0
BRDA:174,12,1,2
BRDA:177,13,0,2
BRDA:177,13,1,0
BRDA:186,14,0,4
BRDA:186,14,1,0
BRDA:186,15,0,0
BRDA:186,15,1,0
BRDA:186,16,0,0
BRDA:186,16,1,0
BRDA:189,17,0,4
BRDA:189,17,1,4
BRDA:209,18,0,4
BRDA:209,18,1,0
BRDA:212,19,0,1
BRDA:212,19,1,0
BRDA:244,20,0,1
BRDA:244,20,1,4
BRDA:244,21,0,5
BRDA:244,21,1,4
BRDA:261,22,0,10
BRDA:261,22,1,2
BRDA:261,23,0,12
BRDA:261,23,1,2
BRF:48
BRH:35
end_of_record
TN:
SF:src\index.lib.ts
FN:1,(anonymous_105)
FN:4,(anonymous_110)
FN:16,(anonymous_111)
FN:39,(anonymous_112)
FN:56,(anonymous_113)
FN:71,(anonymous_114)
FNF:6
FNH:6
FNDA:364,(anonymous_105)
FNDA:1,(anonymous_110)
FNDA:282,(anonymous_111)
FNDA:81,(anonymous_112)
FNDA:1,(anonymous_113)
FNDA:116,(anonymous_114)
DA:1,370
DA:4,1
DA:5,1
DA:8,1
DA:9,1
DA:16,1
DA:17,282
DA:19,282
DA:20,282
DA:39,1
DA:40,81
DA:42,81
DA:43,81
DA:44,391
DA:45,391
DA:46,391
DA:47,391
DA:48,389
DA:49,389
DA:53,81
DA:56,1
DA:57,1
DA:58,1
DA:60,1
DA:61,5
DA:62,5
DA:63,5
DA:65,5
DA:68,1
DA:71,1
DA:72,116
DA:81,116
LF:32
LH:32
BRDA:1,0,0,1
BRDA:1,0,1,0
BRDA:1,1,0,1
BRDA:1,1,1,1
BRDA:5,2,0,1
BRDA:5,2,1,1
BRDA:8,3,0,1
BRDA:9,4,0,1
BRDA:9,4,1,1
BRDA:19,5,0,282
BRDA:19,6,0,282
BRDA:19,6,1,282
BRDA:47,7,0,389
BRDA:47,7,1,2
BRDA:71,8,0,116
BRDA:71,9,0,116
BRF:16
BRH:15
end_of_record
TN:
SF:src\index.ts
FNF:0
FNH:0
DA:1,4
DA:8,1
DA:9,1
DA:10,1
DA:12,1
LF:5
LH:5
BRF:0
BRH:0
end_of_record
