TN:
SF:src/Proxy.ts
FN:5,(anonymous_13)
FN:15,(anonymous_14)
FN:23,(anonymous_15)
FN:31,(anonymous_16)
FN:35,(anonymous_17)
FN:39,(anonymous_18)
FN:43,(anonymous_19)
FN:48,(anonymous_20)
FN:53,(anonymous_21)
FN:66,(anonymous_22)
FN:70,(anonymous_23)
FN:83,(anonymous_24)
FN:87,(anonymous_25)
FN:92,(anonymous_26)
FN:96,(anonymous_27)
FN:100,(anonymous_28)
FNF:16
FNH:16
FNDA:214,(anonymous_13)
FNDA:6,(anonymous_14)
FNDA:2,(anonymous_15)
FNDA:1,(anonymous_16)
FNDA:1,(anonymous_17)
FNDA:1,(anonymous_18)
FNDA:76,(anonymous_19)
FNDA:76,(anonymous_20)
FNDA:25,(anonymous_21)
FNDA:1,(anonymous_22)
FNDA:20,(anonymous_23)
FNDA:1,(anonymous_24)
FNDA:43,(anonymous_25)
FNDA:45,(anonymous_26)
FNDA:45,(anonymous_27)
FNDA:2,(anonymous_28)
DA:5,216
DA:6,1
DA:7,1
DA:8,1
DA:9,1
DA:10,1
DA:16,6
DA:18,6
DA:19,6
DA:24,2
DA:26,2
DA:27,2
DA:32,1
DA:36,1
DA:40,1
DA:44,76
DA:45,76
DA:49,76
DA:50,76
DA:54,25
DA:55,25
DA:56,1
DA:59,24
DA:60,2
DA:62,22
DA:67,1
DA:71,20
DA:72,20
DA:73,1
DA:76,19
DA:77,2
DA:79,17
DA:84,1
DA:88,43
DA:89,43
DA:93,45
DA:97,45
DA:101,2
DA:103,2
DA:104,2
DA:105,2
DA:106,2
LF:42
LH:42
BRDA:18,0,0,6
BRDA:26,1,0,2
BRDA:26,2,0,2
BRDA:26,2,1,2
BRDA:55,3,0,1
BRDA:55,3,1,24
BRDA:59,4,0,2
BRDA:59,4,1,22
BRDA:72,5,0,1
BRDA:72,5,1,19
BRDA:76,6,0,2
BRDA:76,6,1,17
BRDA:101,7,0,1
BRDA:101,7,1,1
BRDA:104,8,0,2
BRDA:104,8,1,0
BRF:16
BRH:15
end_of_record
TN:
SF:src/index.lib.ts
FN:1,(anonymous_30)
FN:4,(anonymous_36)
FN:34,(anonymous_37)
FN:57,(anonymous_38)
FN:74,(anonymous_39)
FN:89,(anonymous_40)
FNF:6
FNH:6
FNDA:421,(anonymous_30)
FNDA:1,(anonymous_36)
FNDA:296,(anonymous_37)
FNDA:86,(anonymous_38)
FNDA:1,(anonymous_39)
FNDA:122,(anonymous_40)
DA:1,428
DA:4,1
DA:5,1
DA:8,1
DA:9,1
DA:11,1
DA:12,1
DA:34,1
DA:35,296
DA:37,296
DA:38,296
DA:57,1
DA:58,86
DA:60,86
DA:61,86
DA:62,582
DA:63,582
DA:64,582
DA:65,582
DA:66,580
DA:67,580
DA:71,86
DA:74,1
DA:75,1
DA:76,1
DA:78,1
DA:79,7
DA:80,7
DA:81,7
DA:83,7
DA:86,1
DA:89,1
DA:90,122
DA:99,122
LF:34
LH:34
BRDA:1,0,0,1
BRDA:1,0,1,0
BRDA:1,1,0,1
BRDA:1,1,1,1
BRDA:5,2,0,1
BRDA:5,2,1,1
BRDA:8,3,0,1
BRDA:9,4,0,1
BRDA:9,4,1,1
BRDA:11,5,0,1
BRDA:37,6,0,296
BRDA:37,7,0,296
BRDA:37,7,1,296
BRDA:65,8,0,580
BRDA:65,8,1,2
BRDA:89,9,0,122
BRDA:89,10,0,122
BRF:17
BRH:16
end_of_record
TN:
SF:src/index.ts
FNF:0
FNH:0
DA:1,4
DA:8,1
DA:9,1
DA:10,1
DA:12,1
LF:5
LH:5
BRF:0
BRH:0
end_of_record
TN:
SF:src/modules/Response.ts
FN:1,(anonymous_43)
FN:18,(anonymous_44)
FN:36,(anonymous_45)
FN:40,(anonymous_46)
FN:44,(anonymous_47)
FN:48,(anonymous_48)
FN:52,(anonymous_49)
FN:56,(anonymous_50)
FN:60,(anonymous_51)
FN:64,(anonymous_52)
FNF:10
FNH:10
FNDA:25,(anonymous_43)
FNDA:26,(anonymous_44)
FNDA:1,(anonymous_45)
FNDA:1,(anonymous_46)
FNDA:1,(anonymous_47)
FNDA:1,(anonymous_48)
FNDA:1,(anonymous_49)
FNDA:1,(anonymous_50)
FNDA:3,(anonymous_51)
FNDA:7,(anonymous_52)
DA:1,27
DA:19,26
DA:20,26
DA:21,26
DA:23,26
DA:24,26
DA:25,26
DA:26,26
DA:27,26
DA:28,26
DA:29,26
DA:30,26
DA:32,26
DA:33,26
DA:37,1
DA:41,1
DA:45,1
DA:49,1
DA:53,1
DA:57,1
DA:61,3
DA:65,7
LF:22
LH:22
BRDA:23,0,0,26
BRDA:23,0,1,0
BRDA:26,1,0,26
BRDA:26,1,1,0
BRDA:26,2,0,26
BRDA:26,2,1,26
BRDA:27,3,0,23
BRDA:27,3,1,3
BRDA:27,4,0,26
BRDA:27,4,1,26
BRF:10
BRH:8
end_of_record
TN:
SF:src/modules/XMLHttpRequest.ts
FN:2,(anonymous_54)
FN:73,(anonymous_55)
FN:38,(anonymous_56)
FN:50,(anonymous_57)
FN:77,(anonymous_58)
FN:81,(anonymous_59)
FN:88,(anonymous_60)
FN:123,(anonymous_61)
FN:135,(anonymous_62)
FN:152,(anonymous_63)
FN:190,(anonymous_64)
FN:194,(anonymous_65)
FN:222,(anonymous_66)
FN:232,(anonymous_67)
FN:275,(anonymous_68)
FN:285,(anonymous_69)
FN:313,(anonymous_70)
FN:330,(anonymous_71)
FN:346,(anonymous_72)
FN:363,(anonymous_73)
FN:388,(anonymous_74)
FN:400,(anonymous_75)
FN:411,(anonymous_76)
FN:422,(anonymous_77)
FN:423,(anonymous_78)
FN:440,(anonymous_79)
FN:447,(anonymous_80)
FN:465,(anonymous_81)
FN:476,(anonymous_82)
FN:493,(anonymous_83)
FN:494,(anonymous_84)
FN:509,(anonymous_85)
FN:531,(anonymous_86)
FN:554,(anonymous_87)
FN:561,(anonymous_88)
FN:579,(anonymous_89)
FN:586,(anonymous_90)
FN:606,(anonymous_91)
FN:615,(anonymous_92)
FN:633,(anonymous_93)
FN:643,(anonymous_94)
FN:672,(anonymous_95)
FNF:42
FNH:42
FNDA:1,(anonymous_54)
FNDA:55,(anonymous_55)
FNDA:2,(anonymous_56)
FNDA:2,(anonymous_57)
FNDA:55,(anonymous_58)
FNDA:165,(anonymous_59)
FNDA:123,(anonymous_60)
FNDA:180,(anonymous_61)
FNDA:3,(anonymous_62)
FNDA:298,(anonymous_63)
FNDA:1,(anonymous_64)
FNDA:46,(anonymous_65)
FNDA:43,(anonymous_66)
FNDA:42,(anonymous_67)
FNDA:55,(anonymous_68)
FNDA:8,(anonymous_69)
FNDA:8,(anonymous_70)
FNDA:8,(anonymous_71)
FNDA:2,(anonymous_72)
FNDA:3,(anonymous_73)
FNDA:100,(anonymous_74)
FNDA:100,(anonymous_75)
FNDA:42,(anonymous_76)
FNDA:42,(anonymous_77)
FNDA:168,(anonymous_78)
FNDA:9,(anonymous_79)
FNDA:8,(anonymous_80)
FNDA:2,(anonymous_81)
FNDA:2,(anonymous_82)
FNDA:5,(anonymous_83)
FNDA:4,(anonymous_84)
FNDA:88,(anonymous_85)
FNDA:35,(anonymous_86)
FNDA:168,(anonymous_87)
FNDA:84,(anonymous_88)
FNDA:5,(anonymous_89)
FNDA:174,(anonymous_90)
FNDA:42,(anonymous_91)
FNDA:42,(anonymous_92)
FNDA:48,(anonymous_93)
FNDA:4,(anonymous_94)
FNDA:177,(anonymous_95)
DA:2,5
DA:6,1
DA:7,1
DA:8,1
DA:9,1
DA:10,1
DA:12,55
DA:13,55
DA:14,55
DA:15,55
DA:16,55
DA:18,55
DA:19,55
DA:20,55
DA:21,55
DA:22,55
DA:23,55
DA:24,55
DA:25,55
DA:26,55
DA:27,55
DA:29,55
DA:30,55
DA:31,55
DA:32,55
DA:33,55
DA:35,55
DA:36,55
DA:37,55
DA:39,2
DA:40,1
DA:46,1
DA:47,1
DA:48,1
DA:51,2
DA:52,1
DA:58,1
DA:59,1
DA:60,1
DA:62,55
DA:64,55
DA:65,55
DA:66,55
DA:67,55
DA:68,55
DA:69,55
DA:70,55
DA:71,55
DA:74,55
DA:78,55
DA:79,55
DA:81,55
DA:82,165
DA:84,55
DA:85,55
DA:86,55
DA:88,55
DA:98,123
DA:100,123
DA:102,30
DA:107,30
DA:110,93
DA:111,23
DA:113,70
DA:114,35
DA:115,35
DA:116,35
DA:119,123
DA:128,180
DA:129,175
DA:132,180
DA:140,3
DA:141,1
DA:144,2
DA:145,2
DA:146,1
DA:149,1
DA:153,298
DA:154,1
DA:157,297
DA:158,297
DA:166,122
DA:167,122
DA:168,7
DA:171,175
DA:172,174
DA:173,174
DA:174,68
DA:178,297
DA:179,297
DA:180,286
DA:183,11
DA:184,13
DA:185,13
DA:187,11
DA:191,1
DA:195,46
DA:196,1
DA:199,45
DA:200,45
DA:201,45
DA:202,45
DA:204,45
DA:214,45
DA:219,45
DA:223,43
DA:224,1
DA:227,42
DA:228,42
DA:230,42
DA:232,42
DA:233,42
DA:237,42
DA:238,7
DA:241,35
DA:243,35
DA:245,35
DA:253,35
DA:254,34
DA:255,34
DA:257,35
DA:259,35
DA:261,35
DA:262,35
DA:263,35
DA:264,5
DA:265,5
DA:266,5
DA:269,35
DA:272,42
DA:273,42
DA:275,42
DA:276,55
DA:277,55
DA:278,42
DA:281,13
DA:284,13
DA:285,9
DA:286,8
DA:287,8
DA:290,9
DA:291,8
DA:295,4
DA:297,4
DA:298,4
DA:301,1
DA:303,1
DA:304,1
DA:305,1
DA:310,42
DA:314,8
DA:315,1
DA:318,7
DA:319,1
DA:322,7
DA:323,7
DA:324,1
DA:327,7
DA:331,8
DA:332,8
DA:341,5
DA:343,3
DA:347,2
DA:358,1
DA:360,1
DA:373,3
DA:374,3
DA:375,3
DA:376,3
DA:378,3
DA:379,2
DA:382,1
DA:385,3
DA:389,100
DA:401,100
DA:412,42
DA:413,42
DA:414,42
DA:415,42
DA:416,42
DA:417,42
DA:418,42
DA:419,42
DA:423,42
DA:424,168
DA:425,168
DA:426,42
DA:429,126
DA:430,128
DA:434,42
DA:435,42
DA:436,42
DA:437,42
DA:447,9
DA:448,8
DA:449,1
DA:450,1
DA:453,7
DA:455,7
DA:460,7
DA:462,7
DA:465,9
DA:466,2
DA:467,1
DA:469,1
DA:473,1
DA:476,9
DA:477,2
DA:478,1
DA:480,1
DA:484,1
DA:487,9
DA:488,9
DA:490,9
DA:494,5
DA:495,4
DA:496,1
DA:497,1
DA:500,3
DA:505,3
DA:510,88
DA:511,88
DA:512,86
DA:515,2
DA:518,86
DA:519,86
DA:521,86
DA:522,86
DA:523,580
DA:524,580
DA:525,580
DA:526,212
DA:532,35
DA:533,31
DA:534,31
DA:535,31
DA:537,4
DA:538,1
DA:539,1
DA:541,3
DA:542,1
DA:543,1
DA:546,2
DA:549,35
DA:550,35
DA:555,168
DA:556,168
DA:562,84
DA:563,65
DA:565,84
DA:566,64
DA:568,84
DA:569,12
DA:571,84
DA:572,71
DA:574,84
DA:575,70
DA:580,5
DA:581,5
DA:582,5
DA:583,5
DA:587,174
DA:589,174
DA:590,48
DA:592,126
DA:593,42
DA:594,42
DA:596,84
DA:597,42
DA:598,42
DA:600,42
DA:601,42
DA:602,42
DA:604,42
DA:606,42
DA:607,42
DA:610,42
DA:611,42
DA:613,42
DA:615,42
DA:616,42
DA:617,37
DA:619,42
DA:622,42
DA:623,1
DA:626,41
DA:630,42
DA:631,42
DA:633,42
DA:634,48
DA:635,48
DA:636,42
DA:639,6
DA:642,6
DA:643,5
DA:644,4
DA:645,4
DA:648,5
DA:649,4
DA:653,1
DA:655,1
DA:656,1
DA:659,1
DA:661,1
DA:662,1
DA:663,1
DA:668,42
DA:673,177
DA:674,174
DA:675,174
DA:677,174
LF:311
LH:311
BRDA:39,0,0,1
BRDA:39,0,1,1
BRDA:39,1,0,2
BRDA:39,1,1,1
BRDA:51,2,0,1
BRDA:51,2,1,1
BRDA:51,3,0,2
BRDA:51,3,1,1
BRDA:100,4,0,30
BRDA:100,4,1,93
BRDA:102,5,0,30
BRDA:102,6,0,30
BRDA:110,7,0,23
BRDA:110,7,1,70
BRDA:113,8,0,35
BRDA:113,8,1,35
BRDA:128,9,0,175
BRDA:128,9,1,5
BRDA:140,10,0,1
BRDA:140,10,1,2
BRDA:145,11,0,1
BRDA:145,11,1,1
BRDA:153,12,0,1
BRDA:153,12,1,297
BRDA:158,13,0,122
BRDA:158,13,1,175
BRDA:158,14,0,297
BRDA:158,14,1,296
BRDA:158,14,2,296
BRDA:158,14,3,259
BRDA:158,14,4,217
BRDA:158,14,5,175
BRDA:158,14,6,175
BRDA:167,15,0,7
BRDA:167,15,1,115
BRDA:171,16,0,174
BRDA:171,16,1,1
BRDA:173,17,0,68
BRDA:173,17,1,106
BRDA:179,18,0,286
BRDA:179,18,1,11
BRDA:195,19,0,1
BRDA:195,19,1,45
BRDA:223,20,0,1
BRDA:223,20,1,42
BRDA:237,21,0,7
BRDA:237,21,1,35
BRDA:253,22,0,34
BRDA:253,22,1,1
BRDA:262,23,0,34
BRDA:262,23,1,1
BRDA:277,24,0,42
BRDA:277,24,1,13
BRDA:284,25,0,9
BRDA:284,25,1,4
BRDA:303,26,0,1
BRDA:303,26,1,0
BRDA:314,27,0,1
BRDA:314,27,1,7
BRDA:318,28,0,1
BRDA:318,28,1,6
BRDA:323,29,0,1
BRDA:323,29,1,6
BRDA:332,30,0,5
BRDA:332,30,1,3
BRDA:332,31,0,8
BRDA:332,31,1,7
BRDA:347,32,0,1
BRDA:347,32,1,1
BRDA:378,33,0,2
BRDA:378,33,1,1
BRDA:416,34,0,2
BRDA:416,34,1,40
BRDA:417,35,0,0
BRDA:417,35,1,42
BRDA:418,36,0,1
BRDA:418,36,1,41
BRDA:419,37,0,0
BRDA:419,37,1,42
BRDA:425,38,0,42
BRDA:425,38,1,126
BRDA:425,39,0,168
BRDA:425,39,1,126
BRDA:448,40,0,1
BRDA:448,40,1,7
BRDA:448,41,0,8
BRDA:448,41,1,7
BRDA:466,42,0,1
BRDA:466,42,1,1
BRDA:477,43,0,1
BRDA:477,43,1,1
BRDA:495,44,0,1
BRDA:495,44,1,3
BRDA:495,45,0,4
BRDA:495,45,1,3
BRDA:511,46,0,86
BRDA:511,46,1,2
BRDA:525,47,0,212
BRDA:525,47,1,368
BRDA:532,48,0,31
BRDA:532,48,1,4
BRDA:537,49,0,1
BRDA:537,49,1,3
BRDA:541,50,0,1
BRDA:541,50,1,2
BRDA:549,51,0,35
BRDA:549,51,1,0
BRDA:562,52,0,65
BRDA:562,52,1,19
BRDA:563,53,0,65
BRDA:563,53,1,20
BRDA:565,54,0,64
BRDA:565,54,1,20
BRDA:566,55,0,64
BRDA:566,55,1,62
BRDA:568,56,0,12
BRDA:568,56,1,72
BRDA:569,57,0,12
BRDA:569,57,1,0
BRDA:571,58,0,71
BRDA:571,58,1,13
BRDA:574,59,0,70
BRDA:574,59,1,14
BRDA:575,60,0,70
BRDA:575,60,1,8
BRDA:589,61,0,48
BRDA:589,61,1,126
BRDA:592,62,0,42
BRDA:592,62,1,84
BRDA:596,63,0,42
BRDA:596,63,1,42
BRDA:600,64,0,42
BRDA:600,64,1,0
BRDA:616,65,0,37
BRDA:616,65,1,5
BRDA:622,66,0,1
BRDA:622,66,1,41
BRDA:635,67,0,42
BRDA:635,67,1,6
BRDA:642,68,0,5
BRDA:642,68,1,1
BRDA:661,69,0,1
BRDA:661,69,1,0
BRDA:673,70,0,351
BRDA:673,70,1,174
BRF:145
BRH:138
end_of_record
TN:
SF:src/modules/fetch.ts
FN:1,(anonymous_97)
FN:11,(anonymous_98)
FN:24,(anonymous_99)
FN:25,(anonymous_100)
FN:29,(anonymous_101)
FN:33,(anonymous_102)
FN:39,(anonymous_103)
FN:60,(anonymous_104)
FN:69,(anonymous_105)
FN:79,(anonymous_106)
FN:108,(anonymous_107)
FN:109,(anonymous_108)
FN:112,(anonymous_109)
FN:125,(anonymous_110)
FN:135,(anonymous_111)
FN:164,(anonymous_112)
FN:246,(anonymous_113)
FN:260,(anonymous_114)
FN:267,(anonymous_115)
FN:277,(anonymous_116)
FN:278,(anonymous_117)
FN:283,(anonymous_118)
FN:284,(anonymous_119)
FN:298,fetchProxy
FNF:24
FNH:24
FNDA:1,(anonymous_97)
FNDA:25,(anonymous_98)
FNDA:25,(anonymous_99)
FNDA:25,(anonymous_100)
FNDA:25,(anonymous_101)
FNDA:4,(anonymous_102)
FNDA:21,(anonymous_103)
FNDA:21,(anonymous_104)
FNDA:32,(anonymous_105)
FNDA:5,(anonymous_106)
FNDA:25,(anonymous_107)
FNDA:25,(anonymous_108)
FNDA:25,(anonymous_109)
FNDA:44,(anonymous_110)
FNDA:12,(anonymous_111)
FNDA:25,(anonymous_112)
FNDA:25,(anonymous_113)
FNDA:6,(anonymous_114)
FNDA:5,(anonymous_115)
FNDA:1,(anonymous_116)
FNDA:1,(anonymous_117)
FNDA:13,(anonymous_118)
FNDA:12,(anonymous_119)
FNDA:25,fetchProxy
DA:1,5
DA:12,25
DA:13,25
DA:15,25
DA:16,25
DA:17,25
DA:18,25
DA:20,25
DA:21,25
DA:25,25
DA:26,25
DA:27,25
DA:29,25
DA:30,25
DA:32,25
DA:33,4
DA:34,4
DA:36,4
DA:39,21
DA:40,21
DA:41,21
DA:42,137
DA:43,137
DA:44,137
DA:48,21
DA:60,21
DA:61,21
DA:66,25
DA:67,25
DA:69,25
DA:70,32
DA:71,32
DA:72,25
DA:75,7
DA:78,7
DA:79,6
DA:80,5
DA:81,5
DA:84,6
DA:85,5
DA:89,1
DA:91,1
DA:92,1
DA:95,1
DA:97,1
DA:98,1
DA:99,1
DA:104,25
DA:109,25
DA:110,25
DA:112,25
DA:113,25
DA:114,25
DA:115,25
DA:116,25
DA:117,25
DA:118,25
DA:119,25
DA:122,25
DA:123,25
DA:125,25
DA:126,44
DA:127,44
DA:128,25
DA:131,19
DA:134,19
DA:135,13
DA:136,12
DA:137,12
DA:140,13
DA:141,12
DA:145,6
DA:147,6
DA:148,6
DA:151,1
DA:153,1
DA:154,1
DA:155,1
DA:160,25
DA:165,25
DA:166,21
DA:173,21
DA:174,2
DA:193,2
DA:194,2
DA:195,2
DA:196,2
DA:197,2
DA:198,2
DA:199,2
DA:204,21
DA:207,4
DA:209,4
DA:230,4
DA:231,4
DA:232,4
DA:233,1
DA:234,1
DA:235,1
DA:236,1
DA:237,1
DA:242,4
DA:247,25
DA:267,6
DA:268,5
DA:269,1
DA:270,1
DA:273,4
DA:274,4
DA:277,6
DA:278,6
DA:280,6
DA:284,13
DA:285,12
DA:286,10
DA:287,10
DA:290,2
DA:292,2
DA:299,25
DA:300,25
LF:120
LH:120
BRDA:32,0,0,4
BRDA:32,0,1,21
BRDA:43,1,0,137
BRDA:43,1,1,0
BRDA:71,2,0,25
BRDA:71,2,1,7
BRDA:78,3,0,6
BRDA:78,3,1,1
BRDA:97,4,0,1
BRDA:97,4,1,0
BRDA:127,5,0,25
BRDA:127,5,1,19
BRDA:134,6,0,13
BRDA:134,6,1,6
BRDA:153,7,0,1
BRDA:153,7,1,0
BRDA:165,8,0,21
BRDA:165,8,1,4
BRDA:167,9,0,21
BRDA:167,9,1,0
BRDA:173,10,0,2
BRDA:173,10,1,19
BRDA:173,11,0,21
BRDA:173,11,1,21
BRDA:174,12,0,0
BRDA:174,12,1,2
BRDA:198,13,0,2
BRDA:198,13,1,0
BRDA:207,14,0,4
BRDA:207,14,1,0
BRDA:207,15,0,0
BRDA:207,15,1,0
BRDA:207,16,0,0
BRDA:207,16,1,0
BRDA:210,17,0,4
BRDA:210,17,1,4
BRDA:230,18,0,4
BRDA:230,18,1,0
BRDA:236,19,0,1
BRDA:236,19,1,0
BRDA:268,20,0,1
BRDA:268,20,1,4
BRDA:268,21,0,5
BRDA:268,21,1,4
BRDA:285,22,0,10
BRDA:285,22,1,2
BRDA:285,23,0,12
BRDA:285,23,1,2
BRF:48
BRH:35
end_of_record
